<?xml version="1.0" encoding="UTF-8" ?>
<testsuite tests="21" failures="21" name="MyArrayListTest" time="0.008" errors="0" skipped="0">
  <properties>
[...]
</properties>
  <testcase classname="MyArrayListTest" name="MyArrayListTest.testSet" time="0.003">
    <failure type="java.lang.NullPointerException">java.lang.NullPointerException
	at MyArrayListTest.testSet(MyArrayListTest.java:116)
</failure>
  </testcase>
  <testcase classname="MyArrayListTest" name="MyArrayListTest.testAddAll1" time="0">
    <failure type="java.lang.NullPointerException">java.lang.NullPointerException
	at MyArrayList.addAll(MyArrayList.java:118)
	at MyArrayListTest.testAddAll1(MyArrayListTest.java:81)
</failure>
  </testcase>
  <testcase classname="MyArrayListTest" name="MyArrayListTest.testRemoveAll" time="0">
    <failure type="java.lang.NullPointerException">java.lang.NullPointerException
	at MyArrayListTest.testRemoveAll(MyArrayListTest.java:93)
</failure>
  </testcase>
  <testcase classname="MyArrayListTest" name="MyArrayListTest.testRetainAll" time="0">
    <failure type="java.lang.NullPointerException">java.lang.NullPointerException
	at MyArrayListTest.testRetainAll(MyArrayListTest.java:99)
</failure>
  </testcase>
  <testcase classname="MyArrayListTest" name="MyArrayListTest.testClear" time="0">
    <failure type="java.lang.NullPointerException">java.lang.NullPointerException
	at MyArrayListTest.testClear(MyArrayListTest.java:105)
</failure>
  </testcase>
  <testcase classname="MyArrayListTest" name="MyArrayListTest.testRemove1" time="0">
    <failure type="java.lang.NullPointerException">java.lang.NullPointerException
	at MyArrayListTest.testRemove1(MyArrayListTest.java:129)
</failure>
  </testcase>
  <testcase classname="MyArrayListTest" name="MyArrayListTest.testLastIndexOf" time="0">
    <failure type="java.lang.NullPointerException">java.lang.NullPointerException
	at MyArrayListTest.testLastIndexOf(MyArrayListTest.java:135)
</failure>
  </testcase>
  <testcase classname="MyArrayListTest" name="MyArrayListTest.testListIterator" time="0">
    <failure type="java.lang.NullPointerException">java.lang.NullPointerException
	at MyArrayListTest.testListIterator(MyArrayListTest.java:140)
</failure>
  </testcase>
  <testcase classname="MyArrayListTest" name="MyArrayListTest.testSubList" time="0">
    <failure type="java.lang.NullPointerException">java.lang.NullPointerException
	at MyArrayListTest.testSubList(MyArrayListTest.java:151)
</failure>
  </testcase>
  <testcase classname="MyArrayListTest" name="MyArrayListTest.testSize" time="0">
    <failure type="java.lang.NullPointerException">java.lang.NullPointerException
	at MyArrayListTest.testSize(MyArrayListTest.java:27)
</failure>
  </testcase>
  <testcase classname="MyArrayListTest" name="MyArrayListTest.testAdd" time="0">
    <failure type="java.lang.NullPointerException">java.lang.NullPointerException
	at MyArrayListTest.testAdd(MyArrayListTest.java:56)
</failure>
  </testcase>
  <testcase classname="MyArrayListTest" name="MyArrayListTest.testGet" time="0">
    <failure type="java.lang.NullPointerException">java.lang.NullPointerException
	at MyArrayListTest.testGet(MyArrayListTest.java:111)
</failure>
  </testcase>
  <testcase classname="MyArrayListTest" name="MyArrayListTest.testAdd1" time="0">
    <failure type="java.lang.NullPointerException">java.lang.NullPointerException
	at MyArrayListTest.testAdd1(MyArrayListTest.java:122)
</failure>
  </testcase>
  <testcase classname="MyArrayListTest" name="MyArrayListTest.testIsEmpty" time="0.001">
    <failure message="org/junit/Assert" type="java.lang.NoClassDefFoundError">java.lang.NoClassDefFoundError: org/junit/Assert
	at MyArrayListTest.testIsEmpty(MyArrayListTest.java:33)
Caused by: java.lang.ClassNotFoundException: org.junit.Assert
	at java.net.URLClassLoader.findClass(URLClassLoader.java:381)
	at java.lang.ClassLoader.loadClass(ClassLoader.java:424)
	at sun.misc.Launcher$AppClassLoader.loadClass(Launcher.java:331)
	at java.lang.ClassLoader.loadClass(ClassLoader.java:357)
	... 19 more
</failure>
  </testcase>
  <testcase classname="MyArrayListTest" name="MyArrayListTest.testContains" time="0">
    <failure message="org/junit/Assert" type="java.lang.NoClassDefFoundError">java.lang.NoClassDefFoundError: org/junit/Assert
	at MyArrayListTest.testContains(MyArrayListTest.java:38)
</failure>
  </testcase>
  <testcase classname="MyArrayListTest" name="MyArrayListTest.testIterator" time="0.001">
    <failure message="org/junit/Assert" type="java.lang.NoClassDefFoundError">java.lang.NoClassDefFoundError: org/junit/Assert
	at MyArrayListTest.testIterator(MyArrayListTest.java:44)
</failure>
  </testcase>
  <testcase classname="MyArrayListTest" name="MyArrayListTest.testToArray" time="0">
    <failure message="org/junit/Assert" type="java.lang.NoClassDefFoundError">java.lang.NoClassDefFoundError: org/junit/Assert
	at MyArrayListTest.testToArray(MyArrayListTest.java:51)
</failure>
  </testcase>
  <testcase classname="MyArrayListTest" name="MyArrayListTest.testRemove" time="0.001">
    <failure message="org/junit/Assert" type="java.lang.NoClassDefFoundError">java.lang.NoClassDefFoundError: org/junit/Assert
	at MyArrayListTest.testRemove(MyArrayListTest.java:63)
</failure>
  </testcase>
  <testcase classname="MyArrayListTest" name="MyArrayListTest.testContainsAll" time="0">
    <failure type="java.lang.NullPointerException">java.lang.NullPointerException
	at MyArrayList.containsAll(MyArrayList.java:107)
	at MyArrayListTest.testContainsAll(MyArrayListTest.java:68)
</failure>
  </testcase>
  <testcase classname="MyArrayListTest" name="MyArrayListTest.testAddAll" time="0.001">
    <failure type="java.lang.ArrayIndexOutOfBoundsException">java.lang.ArrayIndexOutOfBoundsException
	at java.lang.System.arraycopy(Native Method)
	at MyArrayList.addAll(MyArrayList.java:119)
	at MyArrayListTest.testAddAll(MyArrayListTest.java:74)
</failure>
  </testcase>
  <testcase classname="MyArrayListTest" name="MyArrayListTest.testListIterator1" time="0.001">
    <failure type="java.lang.NullPointerException">java.lang.NullPointerException
	at MyArrayListTest.testListIterator1(MyArrayListTest.java:145)
</failure>
  </testcase>
</testsuite>